<?xml version="1.0" encoding="UTF-8"?>
<!-- Generated by org.testng.reporters.JUnitXMLReporter -->
<testsuite ignored="0" hostname="Jhoncy" failures="0" tests="3" name="Test" time="0.291" errors="0" timestamp="2023-01-06T03:54:23 IST">
  <testcase classname="tdd.testng.other.A13_Data_Parsing" name="first_name" time="0.03"/>
  <testcase classname="tdd.testng.other.A13_Data_Parsing" name="middle_name" time="0.008"/>
  <testcase classname="tdd.testng.other.A13_Data_Parsing" name="last_name" time="0.012"/>
</testsuite> <!-- Test -->
